✅ Found Tesseract at: C:\Program Files\Tesseract-OCR\tesseract.exe
âœ… Using expense model directory: C:\Users\GURJAS SINGH\Downloads\expense front + back\models
Loaded legacy text classifier successfully
🚀 Starting SmartSpend ML Backend...
📊 Backend URL: http://localhost:5000
🤖 ML Model: ✅ Loaded
 * Serving Flask app 'app'
 * Debug mode: off
Corrected OCR currency artifact: 7890.0 -> 890.0 from line 'Dominos Pizza 1234 Food St City, ST 56789 Phone: (123) 456-7890 www.dominos.com Order #12456 04/24/2024 6.45 PM Gurjas Singh Price Qty Item Large Pepperoni Pizza $12.99 Garlic Bread $4.99 Bottle Coke (S00ml) $2.49 Subtotal $20.47 Tax 51.64 Total S22.11 Payments: s500.00 Change: 5477.89 THANK YOU! Download the Domino's Order online at WWw.dominos com X******88***#******#*******##*** Payments: Cash s500.00 Change: $477.89 appl'
Corrected leading currency artifact on total line: 51.64 -> 1.64 from 'a $12.99 Garlic Bread $4.99 Bottle Coke (S00ml) $2.49 Subtotal $20.47 Tax 51.64 Total S22.11 Payments: s500.00 Change: 5477.89 THANK YOU! Download the Domino's Order'
Corrected leading currency artifact on total line: 5477.89 -> 477.89 from 'a $12.99 Garlic Bread $4.99 Bottle Coke (S00ml) $2.49 Subtotal $20.47 Tax 51.64 Total S22.11 Payments: s500.00 Change: 5477.89 THANK YOU! Download the Domino's Order'
Strong total-context candidates: []; artifact candidates: [477.89, 1.64]
OCR amount selection: detected=22.11, corrected=477.89, strong_candidates=[], artifact_candidates=[477.89, 1.64], candidates=[56789.0, 12456.0, 7890.0, 5477.89, 2024.0, 1234.0, 890.0, 500.0, 477.89, 456.0]
🔍 Extracting vendor from 1 lines of text...
📄 Line 0: 'Dominos Pizza 1234 Food St City, ST 56789 Phone: (123) 456-7890 www.dominos.com Order #12456 04/24/2024 6.45 PM Gurjas Singh Price Qty Item Large Pepperoni Pizza $12.99 Garlic Bread $4.99 Bottle Coke (S00ml) $2.49 Subtotal $20.47 Tax 51.64 Total S22.11 Payments: s500.00 Change: 5477.89 THANK YOU! Download the Domino's Order online at WWw.dominos com X******88***#******#*******##*** Payments: Cash s500.00 Change: $477.89 appl'
   ⏭️ Skipping: Dominos Pizza 1234 Food St City, ST 56789 Phone: (123) 456-7890 www.dominos.com Order #12456 04/24/2024 6.45 PM Gurjas Singh Price Qty Item Large Pepperoni Pizza $12.99 Garlic Bread $4.99 Bottle Coke (S00ml) $2.49 Subtotal $20.47 Tax 51.64 Total S22.11 Payments: s500.00 Change: 5477.89 THANK YOU! Download the Domino's Order online at WWw.dominos com X******88***#******#*******##*** Payments: Cash s500.00 Change: $477.89 appl
🏢 Total vendor candidates found: 0
🏢 No vendor detected
📅 Found date: 2024-04-24 (confidence: 1.5) from '04/24/2024'
📅 All extracted dates: ['2024-04-24 (conf: 1.5)']
📅 Using extracted date: 2024-04-24
Corrected leading currency artifact on total line: 864.04 -> 64.04 from 'USAGE 3,99 TJ 'S HONEY NUT 0'S CEREAL 2.49 HARVEST  BREAD 1,.99 SUBTOTAL 864,04 TOTAL 864 . 04'
Corrected leading currency artifact on total line: 864.04 -> 64.04 from 'USAGE 3,99 TJ 'S HONEY NUT 0'S CEREAL 2.49 HARVEST  BREAD 1,.99 SUBTOTAL 864,04 TOTAL 864 . 04'
Strong total-context candidates: []; artifact candidates: [64.04]
OCR amount selection: detected=864.0, corrected=64.04, strong_candidates=[], artifact_candidates=[64.04], candidates=[94564.0, 3501.0, 2742.0, 864.04, 864.0, 510.0, 402.0, 230.0, 222.0, 64.04]
🔍 Extracting vendor from 1 lines of text...
📄 Line 0: 'TRADER JOE'S 2742 Pinole Va] ley Road Pinole CA 94564 Store #230 (510) 222-3501 OPEN 8:OOAM To 9:OOPM DAILY HARVEST BREAD 1,99 PaStA WHOLE WHEAT PENNE   ORGANI 1,49 BANANAS 2,28 12EA 0,19/EA MiLK HALF GAL ALMOND  UNSWEETEN 2.99 A-LEMON BAG 1 LB 1.49 ORGANIC LF VANILLA YOG 32 0Z 3.29 R-CARROTS CUT & PEELED ORGANIC 1,49 R-STRAWBERRIES ORG 1 LB 3,49 A-AVOCADOS HASS BAG 4CT 2.99 UNSALTED BUTTER QUARTERS _ 3,19 TJ'S STRING CHEESE 3,99 VEG BROCCOLI FLORETS ORGANIC 2.49 LENTILS RED SPLIT 1,69 R-SALAD ORGANIC BABY SPINACH 1.99 TJ'S HONEY  NUT 0 'S CEREAL 2,49 TJ'S BNLS SNLS  CHICKEN BREASTS 4,22 A-APPLE BAG JAZZ 2 LB 2.69 A-POTATO BAG SWEET 2 LB 1,79 R-HERB CILANTRO BUNCH 0,99 BEANS BLACK 3 ,56 402 @ 0,89/02 HUMMUS 7 0Z 1.99 GROUND   TURKEY 2.99 SWEET ITALIAN CkN SAUSAGE 3,99 TJ 'S HONEY NUT 0'S CEREAL 2.49 HARVEST  BREAD 1,.99 SUBTOTAL 864,04 TOTAL 864 . 04'
   ✅ Added (early line): TRADER JOE'S 2742 Pinole Va] ley Road Pinole CA 94564 Store #230 (510) 222-3501 OPEN 8:OOAM To 9:OOPM DAILY HARVEST BREAD 1,99 PaStA WHOLE WHEAT PENNE   ORGANI 1,49 BANANAS 2,28 12EA 0,19/EA MiLK HALF GAL ALMOND  UNSWEETEN 2.99 A-LEMON BAG 1 LB 1.49 ORGANIC LF VANILLA YOG 32 0Z 3.29 R-CARROTS CUT & PEELED ORGANIC 1,49 R-STRAWBERRIES ORG 1 LB 3,49 A-AVOCADOS HASS BAG 4CT 2.99 UNSALTED BUTTER QUARTERS _ 3,19 TJ'S STRING CHEESE 3,99 VEG BROCCOLI FLORETS ORGANIC 2.49 LENTILS RED SPLIT 1,69 R-SALAD ORGANIC BABY SPINACH 1.99 TJ'S HONEY  NUT 0 'S CEREAL 2,49 TJ'S BNLS SNLS  CHICKEN BREASTS 4,22 A-APPLE BAG JAZZ 2 LB 2.69 A-POTATO BAG SWEET 2 LB 1,79 R-HERB CILANTRO BUNCH 0,99 BEANS BLACK 3 ,56 402 @ 0,89/02 HUMMUS 7 0Z 1.99 GROUND   TURKEY 2.99 SWEET ITALIAN CkN SAUSAGE 3,99 TJ 'S HONEY NUT 0'S CEREAL 2.49 HARVEST  BREAD 1,.99 SUBTOTAL 864,04 TOTAL 864 . 04
🏢 Total vendor candidates found: 1
   1. 'TRADER JOE'S 2742 Pinole Va] ley Road Pinole CA 94564 Store #230 (510) 222-3501 OPEN 8:OOAM To 9:OOPM DAILY HARVEST BREAD 1,99 PaStA WHOLE WHEAT PENNE   ORGANI 1,49 BANANAS 2,28 12EA 0,19/EA MiLK HALF GAL ALMOND  UNSWEETEN 2.99 A-LEMON BAG 1 LB 1.49 ORGANIC LF VANILLA YOG 32 0Z 3.29 R-CARROTS CUT & PEELED ORGANIC 1,49 R-STRAWBERRIES ORG 1 LB 3,49 A-AVOCADOS HASS BAG 4CT 2.99 UNSALTED BUTTER QUARTERS _ 3,19 TJ'S STRING CHEESE 3,99 VEG BROCCOLI FLORETS ORGANIC 2.49 LENTILS RED SPLIT 1,69 R-SALAD ORGANIC BABY SPINACH 1.99 TJ'S HONEY  NUT 0 'S CEREAL 2,49 TJ'S BNLS SNLS  CHICKEN BREASTS 4,22 A-APPLE BAG JAZZ 2 LB 2.69 A-POTATO BAG SWEET 2 LB 1,79 R-HERB CILANTRO BUNCH 0,99 BEANS BLACK 3 ,56 402 @ 0,89/02 HUMMUS 7 0Z 1.99 GROUND   TURKEY 2.99 SWEET ITALIAN CkN SAUSAGE 3,99 TJ 'S HONEY NUT 0'S CEREAL 2.49 HARVEST  BREAD 1,.99 SUBTOTAL 864,04 TOTAL 864 . 04'
🏢 Found vendor (default): TRADER JOE'S 2742 Pinole Va] ley Road Pinole CA 94564 Store #230 (510) 222-3501 OPEN 8:OOAM To 9:OOPM DAILY HARVEST BREAD 1,99 PaStA WHOLE WHEAT PENNE   ORGANI 1,49 BANANAS 2,28 12EA 0,19/EA MiLK HALF GAL ALMOND  UNSWEETEN 2.99 A-LEMON BAG 1 LB 1.49 ORGANIC LF VANILLA YOG 32 0Z 3.29 R-CARROTS CUT & PEELED ORGANIC 1,49 R-STRAWBERRIES ORG 1 LB 3,49 A-AVOCADOS HASS BAG 4CT 2.99 UNSALTED BUTTER QUARTERS _ 3,19 TJ'S STRING CHEESE 3,99 VEG BROCCOLI FLORETS ORGANIC 2.49 LENTILS RED SPLIT 1,69 R-SALAD ORGANIC BABY SPINACH 1.99 TJ'S HONEY  NUT 0 'S CEREAL 2,49 TJ'S BNLS SNLS  CHICKEN BREASTS 4,22 A-APPLE BAG JAZZ 2 LB 2.69 A-POTATO BAG SWEET 2 LB 1,79 R-HERB CILANTRO BUNCH 0,99 BEANS BLACK 3 ,56 402 @ 0,89/02 HUMMUS 7 0Z 1.99 GROUND   TURKEY 2.99 SWEET ITALIAN CkN SAUSAGE 3,99 TJ 'S HONEY NUT 0'S CEREAL 2.49 HARVEST  BREAD 1,.99 SUBTOTAL 864,04 TOTAL 864 . 04
📅 All extracted dates: []
📅 No date found, using current date: 2026-03-28
Corrected OCR currency artifact: 7349.0 -> 349.0 from line 'Dominos Pizza India STORE ID 129370 1Oth Ave Store, Chennai CONTACT #: 044-555-6789 GSTIN: 33AABCD1234Z5 RECEIPT Date: 23/04/2024 06:15 PM Order #: 98765 Ix BBQ Chicken Pizza (Medium) 7349.00 Ix Garlic Breadsticks 799.00 Subtotal: {448.00 CGST (2.5%) 711.20 SGST (2.5%) 711.20 Total: 7470.40 PAID Swiped Card: VISA xxxX xXXX xxxX 1234 Thank you for choosing Domino's! Visit Us: WWW.dominos.co.in s1)'
Corrected OCR currency artifact: 799.0 -> 99.0 from line 'Dominos Pizza India STORE ID 129370 1Oth Ave Store, Chennai CONTACT #: 044-555-6789 GSTIN: 33AABCD1234Z5 RECEIPT Date: 23/04/2024 06:15 PM Order #: 98765 Ix BBQ Chicken Pizza (Medium) 7349.00 Ix Garlic Breadsticks 799.00 Subtotal: {448.00 CGST (2.5%) 711.20 SGST (2.5%) 711.20 Total: 7470.40 PAID Swiped Card: VISA xxxX xXXX xxxX 1234 Thank you for choosing Domino's! Visit Us: WWW.dominos.co.in s1)'
Corrected OCR currency artifact: 711.2 -> 11.2 from line 'Dominos Pizza India STORE ID 129370 1Oth Ave Store, Chennai CONTACT #: 044-555-6789 GSTIN: 33AABCD1234Z5 RECEIPT Date: 23/04/2024 06:15 PM Order #: 98765 Ix BBQ Chicken Pizza (Medium) 7349.00 Ix Garlic Breadsticks 799.00 Subtotal: {448.00 CGST (2.5%) 711.20 SGST (2.5%) 711.20 Total: 7470.40 PAID Swiped Card: VISA xxxX xXXX xxxX 1234 Thank you for choosing Domino's! Visit Us: WWW.dominos.co.in s1)'
Corrected OCR currency artifact: 711.2 -> 11.2 from line 'Dominos Pizza India STORE ID 129370 1Oth Ave Store, Chennai CONTACT #: 044-555-6789 GSTIN: 33AABCD1234Z5 RECEIPT Date: 23/04/2024 06:15 PM Order #: 98765 Ix BBQ Chicken Pizza (Medium) 7349.00 Ix Garlic Breadsticks 799.00 Subtotal: {448.00 CGST (2.5%) 711.20 SGST (2.5%) 711.20 Total: 7470.40 PAID Swiped Card: VISA xxxX xXXX xxxX 1234 Thank you for choosing Domino's! Visit Us: WWW.dominos.co.in s1)'
Corrected OCR currency artifact: 7470.4 -> 470.4 from line 'Dominos Pizza India STORE ID 129370 1Oth Ave Store, Chennai CONTACT #: 044-555-6789 GSTIN: 33AABCD1234Z5 RECEIPT Date: 23/04/2024 06:15 PM Order #: 98765 Ix BBQ Chicken Pizza (Medium) 7349.00 Ix Garlic Breadsticks 799.00 Subtotal: {448.00 CGST (2.5%) 711.20 SGST (2.5%) 711.20 Total: 7470.40 PAID Swiped Card: VISA xxxX xXXX xxxX 1234 Thank you for choosing Domino's! Visit Us: WWW.dominos.co.in s1)'
Corrected leading currency artifact on total line: 799.0 -> 99.0 from 'rlic Breadsticks 799.00 Subtotal: {448.00 CGST (2.5%) 711.20 SGST (2.5%) 711.20 Total: 7470.40 PAID Swiped Card: VISA xxxX xXXX xxxX 1234 Thank you for choosing Domi'
Corrected leading currency artifact on total line: 711.2 -> 11.2 from 'rlic Breadsticks 799.00 Subtotal: {448.00 CGST (2.5%) 711.20 SGST (2.5%) 711.20 Total: 7470.40 PAID Swiped Card: VISA xxxX xXXX xxxX 1234 Thank you for choosing Domi'
Corrected leading currency artifact on total line: 711.2 -> 11.2 from 'rlic Breadsticks 799.00 Subtotal: {448.00 CGST (2.5%) 711.20 SGST (2.5%) 711.20 Total: 7470.40 PAID Swiped Card: VISA xxxX xXXX xxxX 1234 Thank you for choosing Domi'
Corrected leading currency artifact on total line: 7470.4 -> 470.4 from 'rlic Breadsticks 799.00 Subtotal: {448.00 CGST (2.5%) 711.20 SGST (2.5%) 711.20 Total: 7470.40 PAID Swiped Card: VISA xxxX xXXX xxxX 1234 Thank you for choosing Domi'
Strong total-context candidates: [7470.4, 711.2]; artifact candidates: [470.4, 99.0, 11.2]
OCR amount selection: detected=7470.4, corrected=7470.4, strong_candidates=[7470.4, 711.2], artifact_candidates=[470.4, 99.0, 11.2], candidates=[98765.0, 7470.4, 7349.0, 6789.0, 2024.0, 1234.0, 799.0, 711.2, 555.0, 470.4]
